android/app/build/intermediates/manifest_merge_blame_file/debug/manifest-merger-blame-debug-report.txt
1<?xml version="1.0" encoding="utf-8"?>
2<manifest xmlns:android="http://schemas.android.com/apk/res/android"
3    package="com.fitathome"
4    android:versionCode="1"
5    android:versionName="1.0" >
6
7    <uses-sdk
8        android:minSdkVersion="21"
9        android:targetSdkVersion="31" />
10
11    <uses-permission android:name="android.permission.SYSTEM_ALERT_WINDOW" />
11-->src\debug\AndroidManifest.xml:5:5-77
11-->src\debug\AndroidManifest.xml:5:22-75
12    <uses-permission android:name="android.permission.INTERNET" />
12-->src\main\AndroidManifest.xml:4:5-67
12-->src\main\AndroidManifest.xml:4:22-64
13    <uses-permission android:name="android.permission.ACCESS_WIFI_STATE" />
13-->[com.facebook.flipper:flipper:0.125.0] AndroidManifest.xml:16:5-76
13-->[com.facebook.flipper:flipper:0.125.0] AndroidManifest.xml:16:22-73
14    <uses-permission android:name="android.permission.WAKE_LOCK" />
14-->[:react-native-firebase_auth] AndroidManifest.xml:10:5-68
14-->[:react-native-firebase_auth] AndroidManifest.xml:10:22-65
15    <uses-permission android:name="android.permission.ACCESS_NETWORK_STATE" />
15-->[:react-native-firebase_auth] AndroidManifest.xml:11:5-79
15-->[:react-native-firebase_auth] AndroidManifest.xml:11:22-76
16    <uses-permission android:name="android.permission.POST_NOTIFICATIONS" /> <!-- Required by older versions of Google Play services to create IID tokens -->
16-->[com.google.firebase:firebase-messaging:23.1.1] AndroidManifest.xml:25:5-77
16-->[com.google.firebase:firebase-messaging:23.1.1] AndroidManifest.xml:25:22-74
17    <uses-permission android:name="com.google.android.c2dm.permission.RECEIVE" />
17-->[com.google.firebase:firebase-messaging:23.1.1] AndroidManifest.xml:28:5-82
17-->[com.google.firebase:firebase-messaging:23.1.1] AndroidManifest.xml:28:22-79
18    <uses-permission android:name="com.google.android.gms.permission.AD_ID" />
18-->[com.google.android.gms:play-services-measurement-api:21.2.0] AndroidManifest.xml:25:5-79
18-->[com.google.android.gms:play-services-measurement-api:21.2.0] AndroidManifest.xml:25:22-76
19    <uses-permission android:name="com.google.android.finsky.permission.BIND_GET_INSTALL_REFERRER_SERVICE" />
19-->[com.google.android.gms:play-services-measurement:21.2.0] AndroidManifest.xml:26:5-110
19-->[com.google.android.gms:play-services-measurement:21.2.0] AndroidManifest.xml:26:22-107
20
21    <application
21-->src\main\AndroidManifest.xml:6:5-25:19
22        android:name="com.fitathome.MainApplication"
22-->src\main\AndroidManifest.xml:7:7-38
23        android:allowBackup="false"
23-->src\main\AndroidManifest.xml:11:7-34
24        android:appComponentFactory="androidx.core.app.CoreComponentFactory"
24-->[androidx.core:core:1.7.0] AndroidManifest.xml:24:18-86
25        android:debuggable="true"
26        android:icon="@mipmap/ic_launcher"
26-->src\main\AndroidManifest.xml:9:7-41
27        android:label="@string/app_name"
27-->src\main\AndroidManifest.xml:8:7-39
28        android:roundIcon="@mipmap/ic_launcher_round"
28-->src\main\AndroidManifest.xml:10:7-52
29        android:theme="@style/AppTheme"
29-->src\main\AndroidManifest.xml:12:7-38
30        android:usesCleartextTraffic="true" >
30-->src\debug\AndroidManifest.xml:8:9-44
31        <activity
31-->src\debug\AndroidManifest.xml:11:9-111
32            android:name="com.facebook.react.devsupport.DevSettingsActivity"
32-->src\debug\AndroidManifest.xml:11:19-83
33            android:exported="false" />
33-->src\debug\AndroidManifest.xml:11:84-108
34        <activity
34-->src\main\AndroidManifest.xml:13:7-24:18
35            android:name="com.fitathome.MainActivity"
35-->src\main\AndroidManifest.xml:14:9-37
36            android:configChanges="keyboard|keyboardHidden|orientation|screenLayout|screenSize|smallestScreenSize|uiMode"
36-->src\main\AndroidManifest.xml:16:9-118
37            android:exported="true"
37-->src\main\AndroidManifest.xml:19:9-32
38            android:label="@string/app_name"
38-->src\main\AndroidManifest.xml:15:9-41
39            android:launchMode="singleTask"
39-->src\main\AndroidManifest.xml:17:9-40
40            android:windowSoftInputMode="adjustResize" >
40-->src\main\AndroidManifest.xml:18:9-51
41            <intent-filter>
41-->src\main\AndroidManifest.xml:20:9-23:25
42                <action android:name="android.intent.action.MAIN" />
42-->src\main\AndroidManifest.xml:21:13-65
42-->src\main\AndroidManifest.xml:21:21-62
43
44                <category android:name="android.intent.category.LAUNCHER" />
44-->src\main\AndroidManifest.xml:22:13-73
44-->src\main\AndroidManifest.xml:22:23-70
45            </intent-filter>
46        </activity>
47
48        <service
48-->[:react-native-firebase_messaging] AndroidManifest.xml:14:9-16:40
49            android:name="io.invertase.firebase.messaging.ReactNativeFirebaseMessagingHeadlessService"
49-->[:react-native-firebase_messaging] AndroidManifest.xml:15:13-103
50            android:exported="false" />
50-->[:react-native-firebase_messaging] AndroidManifest.xml:16:13-37
51        <service
51-->[:react-native-firebase_messaging] AndroidManifest.xml:17:9-23:19
52            android:name="io.invertase.firebase.messaging.ReactNativeFirebaseMessagingService"
52-->[:react-native-firebase_messaging] AndroidManifest.xml:18:13-95
53            android:exported="false" >
53-->[:react-native-firebase_messaging] AndroidManifest.xml:19:13-37
54            <intent-filter>
54-->[:react-native-firebase_messaging] AndroidManifest.xml:20:13-22:29
55                <action android:name="com.google.firebase.MESSAGING_EVENT" />
55-->[:react-native-firebase_messaging] AndroidManifest.xml:21:17-78
55-->[:react-native-firebase_messaging] AndroidManifest.xml:21:25-75
56            </intent-filter>
57        </service>
58
59        <receiver
59-->[:react-native-firebase_messaging] AndroidManifest.xml:25:9-32:20
60            android:name="io.invertase.firebase.messaging.ReactNativeFirebaseMessagingReceiver"
60-->[:react-native-firebase_messaging] AndroidManifest.xml:26:13-96
61            android:exported="true"
61-->[:react-native-firebase_messaging] AndroidManifest.xml:27:13-36
62            android:permission="com.google.android.c2dm.permission.SEND" >
62-->[:react-native-firebase_messaging] AndroidManifest.xml:28:13-73
63            <intent-filter>
63-->[:react-native-firebase_messaging] AndroidManifest.xml:29:13-31:29
64                <action android:name="com.google.android.c2dm.intent.RECEIVE" />
64-->[:react-native-firebase_messaging] AndroidManifest.xml:30:17-81
64-->[:react-native-firebase_messaging] AndroidManifest.xml:30:25-78
65            </intent-filter>
66        </receiver>
67
68        <meta-data
68-->[:react-native-firebase_messaging] AndroidManifest.xml:34:9-36:36
69            android:name="firebase_messaging_auto_init_enabled"
69-->[:react-native-firebase_messaging] AndroidManifest.xml:35:13-64
70            android:value="true" />
70-->[:react-native-firebase_messaging] AndroidManifest.xml:36:13-33
71        <meta-data
71-->[:react-native-firebase_messaging] AndroidManifest.xml:37:9-39:32
72            android:name="com.google.firebase.messaging.default_notification_channel_id"
72-->[:react-native-firebase_messaging] AndroidManifest.xml:38:13-89
73            android:value="" />
73-->[:react-native-firebase_messaging] AndroidManifest.xml:39:13-29
74        <meta-data
74-->[:react-native-firebase_messaging] AndroidManifest.xml:40:9-42:47
75            android:name="com.google.firebase.messaging.default_notification_color"
75-->[:react-native-firebase_messaging] AndroidManifest.xml:41:13-84
76            android:resource="@color/white" />
76-->[:react-native-firebase_messaging] AndroidManifest.xml:42:13-44
77        <meta-data
77-->[:react-native-firebase_app] AndroidManifest.xml:11:9-13:36
78            android:name="app_data_collection_default_enabled"
78-->[:react-native-firebase_app] AndroidManifest.xml:12:13-63
79            android:value="true" />
79-->[:react-native-firebase_app] AndroidManifest.xml:13:13-33
80
81        <service
81-->[:react-native-firebase_app] AndroidManifest.xml:15:9-23:19
82            android:name="com.google.firebase.components.ComponentDiscoveryService"
82-->[:react-native-firebase_app] AndroidManifest.xml:16:13-84
83            android:directBootAware="true"
83-->[:react-native-firebase_app] AndroidManifest.xml:17:13-43
84            android:exported="false" >
84-->[:react-native-firebase_app] AndroidManifest.xml:18:13-37
85            <meta-data
85-->[:react-native-firebase_app] AndroidManifest.xml:20:13-22:85
86                android:name="com.google.firebase.components:io.invertase.firebase.app.ReactNativeFirebaseAppRegistrar"
86-->[:react-native-firebase_app] AndroidManifest.xml:21:17-120
87                android:value="com.google.firebase.components.ComponentRegistrar" />
87-->[:react-native-firebase_app] AndroidManifest.xml:22:17-82
88            <meta-data
88-->[com.google.firebase:firebase-messaging:23.1.1] AndroidManifest.xml:55:13-57:85
89                android:name="com.google.firebase.components:com.google.firebase.messaging.FirebaseMessagingRegistrar"
89-->[com.google.firebase:firebase-messaging:23.1.1] AndroidManifest.xml:56:17-119
90                android:value="com.google.firebase.components.ComponentRegistrar" />
90-->[com.google.firebase:firebase-messaging:23.1.1] AndroidManifest.xml:57:17-82
91            <meta-data
91-->[com.google.firebase:firebase-datatransport:18.1.7] AndroidManifest.xml:27:13-29:85
92                android:name="com.google.firebase.components:com.google.firebase.datatransport.TransportRegistrar"
92-->[com.google.firebase:firebase-datatransport:18.1.7] AndroidManifest.xml:28:17-115
93                android:value="com.google.firebase.components.ComponentRegistrar" />
93-->[com.google.firebase:firebase-datatransport:18.1.7] AndroidManifest.xml:29:17-82
94            <meta-data
94-->[com.google.firebase:firebase-auth:21.1.0] AndroidManifest.xml:67:13-69:85
95                android:name="com.google.firebase.components:com.google.firebase.auth.FirebaseAuthRegistrar"
95-->[com.google.firebase:firebase-auth:21.1.0] AndroidManifest.xml:68:17-109
96                android:value="com.google.firebase.components.ComponentRegistrar" />
96-->[com.google.firebase:firebase-auth:21.1.0] AndroidManifest.xml:69:17-82
97            <meta-data
97-->[com.google.firebase:firebase-firestore:24.4.1] AndroidManifest.xml:19:13-21:85
98                android:name="com.google.firebase.components:com.google.firebase.firestore.FirestoreRegistrar"
98-->[com.google.firebase:firebase-firestore:24.4.1] AndroidManifest.xml:20:17-111
99                android:value="com.google.firebase.components.ComponentRegistrar" />
99-->[com.google.firebase:firebase-firestore:24.4.1] AndroidManifest.xml:21:17-82
100            <meta-data
100-->[com.google.firebase:firebase-storage:20.1.0] AndroidManifest.xml:32:13-34:85
101                android:name="com.google.firebase.components:com.google.firebase.storage.StorageRegistrar"
101-->[com.google.firebase:firebase-storage:20.1.0] AndroidManifest.xml:33:17-107
102                android:value="com.google.firebase.components.ComponentRegistrar" />
102-->[com.google.firebase:firebase-storage:20.1.0] AndroidManifest.xml:34:17-82
103            <meta-data
103-->[com.google.firebase:firebase-database:20.1.0] AndroidManifest.xml:31:13-33:85
104                android:name="com.google.firebase.components:com.google.firebase.database.DatabaseRegistrar"
104-->[com.google.firebase:firebase-database:20.1.0] AndroidManifest.xml:32:17-109
105                android:value="com.google.firebase.components.ComponentRegistrar" />
105-->[com.google.firebase:firebase-database:20.1.0] AndroidManifest.xml:33:17-82
106            <meta-data
106-->[com.google.android.gms:play-services-measurement-api:21.2.0] AndroidManifest.xml:31:13-33:85
107                android:name="com.google.firebase.components:com.google.firebase.analytics.connector.internal.AnalyticsConnectorRegistrar"
107-->[com.google.android.gms:play-services-measurement-api:21.2.0] AndroidManifest.xml:32:17-139
108                android:value="com.google.firebase.components.ComponentRegistrar" />
108-->[com.google.android.gms:play-services-measurement-api:21.2.0] AndroidManifest.xml:33:17-82
109            <meta-data
109-->[com.google.firebase:firebase-installations:17.1.0] AndroidManifest.xml:17:13-19:85
110                android:name="com.google.firebase.components:com.google.firebase.installations.FirebaseInstallationsRegistrar"
110-->[com.google.firebase:firebase-installations:17.1.0] AndroidManifest.xml:18:17-127
111                android:value="com.google.firebase.components.ComponentRegistrar" />
111-->[com.google.firebase:firebase-installations:17.1.0] AndroidManifest.xml:19:17-82
112        </service>
113
114        <provider
114-->[:react-native-firebase_app] AndroidManifest.xml:25:9-29:38
115            android:name="io.invertase.firebase.app.ReactNativeFirebaseAppInitProvider"
115-->[:react-native-firebase_app] AndroidManifest.xml:26:13-88
116            android:authorities="com.fitathome.reactnativefirebaseappinitprovider"
116-->[:react-native-firebase_app] AndroidManifest.xml:27:13-86
117            android:exported="false"
117-->[:react-native-firebase_app] AndroidManifest.xml:28:13-37
118            android:initOrder="99" />
118-->[:react-native-firebase_app] AndroidManifest.xml:29:13-35
119
120        <receiver
120-->[com.google.firebase:firebase-messaging:23.1.1] AndroidManifest.xml:31:9-38:20
121            android:name="com.google.firebase.iid.FirebaseInstanceIdReceiver"
121-->[com.google.firebase:firebase-messaging:23.1.1] AndroidManifest.xml:32:13-78
122            android:exported="true"
122-->[com.google.firebase:firebase-messaging:23.1.1] AndroidManifest.xml:33:13-36
123            android:permission="com.google.android.c2dm.permission.SEND" >
123-->[com.google.firebase:firebase-messaging:23.1.1] AndroidManifest.xml:34:13-73
124            <intent-filter>
124-->[:react-native-firebase_messaging] AndroidManifest.xml:29:13-31:29
125                <action android:name="com.google.android.c2dm.intent.RECEIVE" />
125-->[:react-native-firebase_messaging] AndroidManifest.xml:30:17-81
125-->[:react-native-firebase_messaging] AndroidManifest.xml:30:25-78
126            </intent-filter>
127        </receiver>
128        <!--
129             FirebaseMessagingService performs security checks at runtime,
130             but set to not exported to explicitly avoid allowing another app to call it.
131        -->
132        <service
132-->[com.google.firebase:firebase-messaging:23.1.1] AndroidManifest.xml:44:9-51:19
133            android:name="com.google.firebase.messaging.FirebaseMessagingService"
133-->[com.google.firebase:firebase-messaging:23.1.1] AndroidManifest.xml:45:13-82
134            android:directBootAware="true"
134-->[com.google.firebase:firebase-messaging:23.1.1] AndroidManifest.xml:46:13-43
135            android:exported="false" >
135-->[com.google.firebase:firebase-messaging:23.1.1] AndroidManifest.xml:47:13-37
136            <intent-filter android:priority="-500" >
136-->[:react-native-firebase_messaging] AndroidManifest.xml:20:13-22:29
137                <action android:name="com.google.firebase.MESSAGING_EVENT" />
137-->[:react-native-firebase_messaging] AndroidManifest.xml:21:17-78
137-->[:react-native-firebase_messaging] AndroidManifest.xml:21:25-75
138            </intent-filter>
139        </service>
140        <service
140-->[com.google.android.datatransport:transport-backend-cct:3.1.8] AndroidManifest.xml:28:9-34:19
141            android:name="com.google.android.datatransport.runtime.backends.TransportBackendDiscovery"
141-->[com.google.android.datatransport:transport-backend-cct:3.1.8] AndroidManifest.xml:29:13-103
142            android:exported="false" >
142-->[com.google.android.datatransport:transport-backend-cct:3.1.8] AndroidManifest.xml:30:13-37
143            <meta-data
143-->[com.google.android.datatransport:transport-backend-cct:3.1.8] AndroidManifest.xml:31:13-33:39
144                android:name="backend:com.google.android.datatransport.cct.CctBackendFactory"
144-->[com.google.android.datatransport:transport-backend-cct:3.1.8] AndroidManifest.xml:32:17-94
145                android:value="cct" />
145-->[com.google.android.datatransport:transport-backend-cct:3.1.8] AndroidManifest.xml:33:17-36
146        </service>
147        <service
147-->[com.google.android.datatransport:transport-runtime:3.1.8] AndroidManifest.xml:26:9-30:19
148            android:name="com.google.android.datatransport.runtime.scheduling.jobscheduling.JobInfoSchedulerService"
148-->[com.google.android.datatransport:transport-runtime:3.1.8] AndroidManifest.xml:27:13-117
149            android:exported="false"
149-->[com.google.android.datatransport:transport-runtime:3.1.8] AndroidManifest.xml:28:13-37
150            android:permission="android.permission.BIND_JOB_SERVICE" >
150-->[com.google.android.datatransport:transport-runtime:3.1.8] AndroidManifest.xml:29:13-69
151        </service>
152
153        <receiver
153-->[com.google.android.datatransport:transport-runtime:3.1.8] AndroidManifest.xml:32:9-34:40
154            android:name="com.google.android.datatransport.runtime.scheduling.jobscheduling.AlarmManagerSchedulerBroadcastReceiver"
154-->[com.google.android.datatransport:transport-runtime:3.1.8] AndroidManifest.xml:33:13-132
155            android:exported="false" />
155-->[com.google.android.datatransport:transport-runtime:3.1.8] AndroidManifest.xml:34:13-37
156
157        <activity
157-->[com.google.firebase:firebase-auth:21.1.0] AndroidManifest.xml:27:9-44:20
158            android:name="com.google.firebase.auth.internal.GenericIdpActivity"
158-->[com.google.firebase:firebase-auth:21.1.0] AndroidManifest.xml:28:13-80
159            android:excludeFromRecents="true"
159-->[com.google.firebase:firebase-auth:21.1.0] AndroidManifest.xml:29:13-46
160            android:exported="true"
160-->[com.google.firebase:firebase-auth:21.1.0] AndroidManifest.xml:30:13-36
161            android:launchMode="singleTask"
161-->[com.google.firebase:firebase-auth:21.1.0] AndroidManifest.xml:31:13-44
162            android:theme="@android:style/Theme.Translucent.NoTitleBar" >
162-->[com.google.firebase:firebase-auth:21.1.0] AndroidManifest.xml:32:13-72
163            <intent-filter>
163-->[com.google.firebase:firebase-auth:21.1.0] AndroidManifest.xml:33:13-43:29
164                <action android:name="android.intent.action.VIEW" />
164-->[com.google.firebase:firebase-auth:21.1.0] AndroidManifest.xml:34:17-69
164-->[com.google.firebase:firebase-auth:21.1.0] AndroidManifest.xml:34:25-66
165
166                <category android:name="android.intent.category.DEFAULT" />
166-->[com.google.firebase:firebase-auth:21.1.0] AndroidManifest.xml:36:17-76
166-->[com.google.firebase:firebase-auth:21.1.0] AndroidManifest.xml:36:27-73
167                <category android:name="android.intent.category.BROWSABLE" />
167-->[com.google.firebase:firebase-auth:21.1.0] AndroidManifest.xml:37:17-78
167-->[com.google.firebase:firebase-auth:21.1.0] AndroidManifest.xml:37:27-75
168
169                <data
169-->[com.google.firebase:firebase-auth:21.1.0] AndroidManifest.xml:39:17-42:51
170                    android:host="firebase.auth"
170-->[com.google.firebase:firebase-auth:21.1.0] AndroidManifest.xml:40:21-49
171                    android:path="/"
171-->[com.google.firebase:firebase-auth:21.1.0] AndroidManifest.xml:41:21-37
172                    android:scheme="genericidp" />
172-->[com.google.firebase:firebase-auth:21.1.0] AndroidManifest.xml:42:21-48
173            </intent-filter>
174        </activity>
175        <activity
175-->[com.google.firebase:firebase-auth:21.1.0] AndroidManifest.xml:45:9-62:20
176            android:name="com.google.firebase.auth.internal.RecaptchaActivity"
176-->[com.google.firebase:firebase-auth:21.1.0] AndroidManifest.xml:46:13-79
177            android:excludeFromRecents="true"
177-->[com.google.firebase:firebase-auth:21.1.0] AndroidManifest.xml:47:13-46
178            android:exported="true"
178-->[com.google.firebase:firebase-auth:21.1.0] AndroidManifest.xml:48:13-36
179            android:launchMode="singleTask"
179-->[com.google.firebase:firebase-auth:21.1.0] AndroidManifest.xml:49:13-44
180            android:theme="@android:style/Theme.Translucent.NoTitleBar" >
180-->[com.google.firebase:firebase-auth:21.1.0] AndroidManifest.xml:50:13-72
181            <intent-filter>
181-->[com.google.firebase:firebase-auth:21.1.0] AndroidManifest.xml:51:13-61:29
182                <action android:name="android.intent.action.VIEW" />
182-->[com.google.firebase:firebase-auth:21.1.0] AndroidManifest.xml:34:17-69
182-->[com.google.firebase:firebase-auth:21.1.0] AndroidManifest.xml:34:25-66
183
184                <category android:name="android.intent.category.DEFAULT" />
184-->[com.google.firebase:firebase-auth:21.1.0] AndroidManifest.xml:36:17-76
184-->[com.google.firebase:firebase-auth:21.1.0] AndroidManifest.xml:36:27-73
185                <category android:name="android.intent.category.BROWSABLE" />
185-->[com.google.firebase:firebase-auth:21.1.0] AndroidManifest.xml:37:17-78
185-->[com.google.firebase:firebase-auth:21.1.0] AndroidManifest.xml:37:27-75
186
187                <data
187-->[com.google.firebase:firebase-auth:21.1.0] AndroidManifest.xml:39:17-42:51
188                    android:host="firebase.auth"
188-->[com.google.firebase:firebase-auth:21.1.0] AndroidManifest.xml:40:21-49
189                    android:path="/"
189-->[com.google.firebase:firebase-auth:21.1.0] AndroidManifest.xml:41:21-37
190                    android:scheme="recaptcha" />
190-->[com.google.firebase:firebase-auth:21.1.0] AndroidManifest.xml:42:21-48
191            </intent-filter>
192        </activity>
193
194        <provider
194-->[com.google.firebase:firebase-common:20.2.0] AndroidManifest.xml:25:9-30:39
195            android:name="com.google.firebase.provider.FirebaseInitProvider"
195-->[com.google.firebase:firebase-common:20.2.0] AndroidManifest.xml:26:13-77
196            android:authorities="com.fitathome.firebaseinitprovider"
196-->[com.google.firebase:firebase-common:20.2.0] AndroidManifest.xml:27:13-72
197            android:directBootAware="true"
197-->[com.google.firebase:firebase-common:20.2.0] AndroidManifest.xml:28:13-43
198            android:exported="false"
198-->[com.google.firebase:firebase-common:20.2.0] AndroidManifest.xml:29:13-37
199            android:initOrder="100" />
199-->[com.google.firebase:firebase-common:20.2.0] AndroidManifest.xml:30:13-36
200
201        <activity
201-->[com.google.android.gms:play-services-auth:20.3.0] AndroidManifest.xml:23:9-27:75
202            android:name="com.google.android.gms.auth.api.signin.internal.SignInHubActivity"
202-->[com.google.android.gms:play-services-auth:20.3.0] AndroidManifest.xml:24:13-93
203            android:excludeFromRecents="true"
203-->[com.google.android.gms:play-services-auth:20.3.0] AndroidManifest.xml:25:13-46
204            android:exported="false"
204-->[com.google.android.gms:play-services-auth:20.3.0] AndroidManifest.xml:26:13-37
205            android:theme="@android:style/Theme.Translucent.NoTitleBar" />
205-->[com.google.android.gms:play-services-auth:20.3.0] AndroidManifest.xml:27:13-72
206        <!--
207            Service handling Google Sign-In user revocation. For apps that do not integrate with
208            Google Sign-In, this service will never be started.
209        -->
210        <service
210-->[com.google.android.gms:play-services-auth:20.3.0] AndroidManifest.xml:33:9-37:51
211            android:name="com.google.android.gms.auth.api.signin.RevocationBoundService"
211-->[com.google.android.gms:play-services-auth:20.3.0] AndroidManifest.xml:34:13-89
212            android:exported="true"
212-->[com.google.android.gms:play-services-auth:20.3.0] AndroidManifest.xml:35:13-36
213            android:permission="com.google.android.gms.auth.api.signin.permission.REVOCATION_NOTIFICATION"
213-->[com.google.android.gms:play-services-auth:20.3.0] AndroidManifest.xml:36:13-107
214            android:visibleToInstantApps="true" />
214-->[com.google.android.gms:play-services-auth:20.3.0] AndroidManifest.xml:37:13-48
215
216        <activity
216-->[com.google.android.gms:play-services-base:18.0.1] AndroidManifest.xml:20:9-22:45
217            android:name="com.google.android.gms.common.api.GoogleApiActivity"
217-->[com.google.android.gms:play-services-base:18.0.1] AndroidManifest.xml:20:19-85
218            android:exported="false"
218-->[com.google.android.gms:play-services-base:18.0.1] AndroidManifest.xml:22:19-43
219            android:theme="@android:style/Theme.Translucent.NoTitleBar" />
219-->[com.google.android.gms:play-services-base:18.0.1] AndroidManifest.xml:21:19-78
220
221        <receiver
221-->[com.google.android.gms:play-services-measurement:21.2.0] AndroidManifest.xml:29:9-33:20
222            android:name="com.google.android.gms.measurement.AppMeasurementReceiver"
222-->[com.google.android.gms:play-services-measurement:21.2.0] AndroidManifest.xml:30:13-85
223            android:enabled="true"
223-->[com.google.android.gms:play-services-measurement:21.2.0] AndroidManifest.xml:31:13-35
224            android:exported="false" >
224-->[com.google.android.gms:play-services-measurement:21.2.0] AndroidManifest.xml:32:13-37
225        </receiver>
226
227        <service
227-->[com.google.android.gms:play-services-measurement:21.2.0] AndroidManifest.xml:35:9-38:40
228            android:name="com.google.android.gms.measurement.AppMeasurementService"
228-->[com.google.android.gms:play-services-measurement:21.2.0] AndroidManifest.xml:36:13-84
229            android:enabled="true"
229-->[com.google.android.gms:play-services-measurement:21.2.0] AndroidManifest.xml:37:13-35
230            android:exported="false" />
230-->[com.google.android.gms:play-services-measurement:21.2.0] AndroidManifest.xml:38:13-37
231        <service
231-->[com.google.android.gms:play-services-measurement:21.2.0] AndroidManifest.xml:39:9-43:72
232            android:name="com.google.android.gms.measurement.AppMeasurementJobService"
232-->[com.google.android.gms:play-services-measurement:21.2.0] AndroidManifest.xml:40:13-87
233            android:enabled="true"
233-->[com.google.android.gms:play-services-measurement:21.2.0] AndroidManifest.xml:41:13-35
234            android:exported="false"
234-->[com.google.android.gms:play-services-measurement:21.2.0] AndroidManifest.xml:42:13-37
235            android:permission="android.permission.BIND_JOB_SERVICE" />
235-->[com.google.android.gms:play-services-measurement:21.2.0] AndroidManifest.xml:43:13-69
236
237        <meta-data
237-->[com.google.android.gms:play-services-basement:18.1.0] AndroidManifest.xml:21:9-23:69
238            android:name="com.google.android.gms.version"
238-->[com.google.android.gms:play-services-basement:18.1.0] AndroidManifest.xml:22:13-58
239            android:value="@integer/google_play_services_version" />
239-->[com.google.android.gms:play-services-basement:18.1.0] AndroidManifest.xml:23:13-66
240
241        <provider
241-->[androidx.emoji2:emoji2:1.0.0] AndroidManifest.xml:26:9-34:20
242            android:name="androidx.startup.InitializationProvider"
242-->[androidx.emoji2:emoji2:1.0.0] AndroidManifest.xml:27:13-67
243            android:authorities="com.fitathome.androidx-startup"
243-->[androidx.emoji2:emoji2:1.0.0] AndroidManifest.xml:28:13-68
244            android:exported="false" >
244-->[androidx.emoji2:emoji2:1.0.0] AndroidManifest.xml:29:13-37
245            <meta-data
245-->[androidx.emoji2:emoji2:1.0.0] AndroidManifest.xml:31:13-33:52
246                android:name="androidx.emoji2.text.EmojiCompatInitializer"
246-->[androidx.emoji2:emoji2:1.0.0] AndroidManifest.xml:32:17-75
247                android:value="androidx.startup" />
247-->[androidx.emoji2:emoji2:1.0.0] AndroidManifest.xml:33:17-49
248            <meta-data
248-->[androidx.lifecycle:lifecycle-process:2.4.0] AndroidManifest.xml:31:13-33:52
249                android:name="androidx.lifecycle.ProcessLifecycleInitializer"
249-->[androidx.lifecycle:lifecycle-process:2.4.0] AndroidManifest.xml:32:17-78
250                android:value="androidx.startup" />
250-->[androidx.lifecycle:lifecycle-process:2.4.0] AndroidManifest.xml:33:17-49
251        </provider>
252    </application>
253
254</manifest>